Performing C SOURCE FILE Test CMAKE_HAVE_LIBC_PTHREAD failed with the following output:
Change Dir: C:/Users/Alone/CLionProjects/my-logger/cmake-build-release-visual-studio/CMakeFiles/CMakeTmp

Run Build Command(s):D:/jetbrains/apps/CLion/ch-1/223.7571.171/bin/ninja/win/ninja.exe cmTC_53e6e && [1/2] Building C object CMakeFiles\cmTC_53e6e.dir\src.c.obj
FAILED: CMakeFiles/cmTC_53e6e.dir/src.c.obj 
C:\PROGRA~1\MIB055~1\2022\Preview\VC\Tools\MSVC\1434~1.317\bin\Hostx86\x86\cl.exe  /nologo -DCMAKE_HAVE_LIBC_PTHREAD  /DWIN32 /D_WINDOWS /W3  /MDd /Zi /Ob0 /Od /RTC1 /showIncludes /FoCMakeFiles\cmTC_53e6e.dir\src.c.obj /FdCMakeFiles\cmTC_53e6e.dir\ /FS -c C:\Users\Alone\CLionProjects\my-logger\cmake-build-release-visual-studio\CMakeFiles\CMakeTmp\src.c
C:\Users\Alone\CLionProjects\my-logger\cmake-build-release-visual-studio\CMakeFiles\CMakeTmp\src.c(1): fatal error C1083: 无法打开包括文件: “pthread.h”: No such file or directory
ninja: build stopped: subcommand failed.


Source file was:
#include <pthread.h>

static void* test_func(void* data)
{
  return data;
}

int main(void)
{
  pthread_t thread;
  pthread_create(&thread, NULL, test_func, NULL);
  pthread_detach(thread);
  pthread_cancel(thread);
  pthread_join(thread, NULL);
  pthread_atfork(NULL, NULL, NULL);
  pthread_exit(NULL);

  return 0;
}

Determining if the function pthread_create exists in the pthreads failed with the following output:
Change Dir: C:/Users/Alone/CLionProjects/my-logger/cmake-build-release-visual-studio/CMakeFiles/CMakeTmp

Run Build Command(s):D:/jetbrains/apps/CLion/ch-1/223.7571.171/bin/ninja/win/ninja.exe cmTC_37210 && [1/2] Building C object CMakeFiles\cmTC_37210.dir\CheckFunctionExists.c.obj
[2/2] Linking C executable cmTC_37210.exe
FAILED: cmTC_37210.exe 
cmd.exe /C "cd . && D:\jetbrains\apps\CLion\ch-1\223.7571.171\bin\cmake\win\bin\cmake.exe -E vs_link_exe --intdir=CMakeFiles\cmTC_37210.dir --rc=C:\PROGRA~2\WI3CF2~1\10\bin\100190~1.0\x86\rc.exe --mt=C:\PROGRA~2\WI3CF2~1\10\bin\100190~1.0\x86\mt.exe --manifests  -- C:\PROGRA~1\MIB055~1\2022\Preview\VC\Tools\MSVC\1434~1.317\bin\Hostx86\x86\link.exe /nologo CMakeFiles\cmTC_37210.dir\CheckFunctionExists.c.obj  /out:cmTC_37210.exe /implib:cmTC_37210.lib /pdb:cmTC_37210.pdb /version:0.0 /machine:X86  /debug /INCREMENTAL /subsystem:console  pthreads.lib  kernel32.lib user32.lib gdi32.lib winspool.lib shell32.lib ole32.lib oleaut32.lib uuid.lib comdlg32.lib advapi32.lib && cd ."
LINK Pass 1: command "C:\PROGRA~1\MIB055~1\2022\Preview\VC\Tools\MSVC\1434~1.317\bin\Hostx86\x86\link.exe /nologo CMakeFiles\cmTC_37210.dir\CheckFunctionExists.c.obj /out:cmTC_37210.exe /implib:cmTC_37210.lib /pdb:cmTC_37210.pdb /version:0.0 /machine:X86 /debug /INCREMENTAL /subsystem:console pthreads.lib kernel32.lib user32.lib gdi32.lib winspool.lib shell32.lib ole32.lib oleaut32.lib uuid.lib comdlg32.lib advapi32.lib /MANIFEST /MANIFESTFILE:CMakeFiles\cmTC_37210.dir/intermediate.manifest CMakeFiles\cmTC_37210.dir/manifest.res" failed (exit code 1104) with the following output:
LINK : fatal error LNK1104: 无法打开文件“pthreads.lib”
ninja: build stopped: subcommand failed.



Determining if the function pthread_create exists in the pthread failed with the following output:
Change Dir: C:/Users/Alone/CLionProjects/my-logger/cmake-build-release-visual-studio/CMakeFiles/CMakeTmp

Run Build Command(s):D:/jetbrains/apps/CLion/ch-1/223.7571.171/bin/ninja/win/ninja.exe cmTC_11d23 && [1/2] Building C object CMakeFiles\cmTC_11d23.dir\CheckFunctionExists.c.obj
[2/2] Linking C executable cmTC_11d23.exe
FAILED: cmTC_11d23.exe 
cmd.exe /C "cd . && D:\jetbrains\apps\CLion\ch-1\223.7571.171\bin\cmake\win\bin\cmake.exe -E vs_link_exe --intdir=CMakeFiles\cmTC_11d23.dir --rc=C:\PROGRA~2\WI3CF2~1\10\bin\100190~1.0\x86\rc.exe --mt=C:\PROGRA~2\WI3CF2~1\10\bin\100190~1.0\x86\mt.exe --manifests  -- C:\PROGRA~1\MIB055~1\2022\Preview\VC\Tools\MSVC\1434~1.317\bin\Hostx86\x86\link.exe /nologo CMakeFiles\cmTC_11d23.dir\CheckFunctionExists.c.obj  /out:cmTC_11d23.exe /implib:cmTC_11d23.lib /pdb:cmTC_11d23.pdb /version:0.0 /machine:X86  /debug /INCREMENTAL /subsystem:console  pthread.lib  kernel32.lib user32.lib gdi32.lib winspool.lib shell32.lib ole32.lib oleaut32.lib uuid.lib comdlg32.lib advapi32.lib && cd ."
LINK Pass 1: command "C:\PROGRA~1\MIB055~1\2022\Preview\VC\Tools\MSVC\1434~1.317\bin\Hostx86\x86\link.exe /nologo CMakeFiles\cmTC_11d23.dir\CheckFunctionExists.c.obj /out:cmTC_11d23.exe /implib:cmTC_11d23.lib /pdb:cmTC_11d23.pdb /version:0.0 /machine:X86 /debug /INCREMENTAL /subsystem:console pthread.lib kernel32.lib user32.lib gdi32.lib winspool.lib shell32.lib ole32.lib oleaut32.lib uuid.lib comdlg32.lib advapi32.lib /MANIFEST /MANIFESTFILE:CMakeFiles\cmTC_11d23.dir/intermediate.manifest CMakeFiles\cmTC_11d23.dir/manifest.res" failed (exit code 1104) with the following output:
LINK : fatal error LNK1104: 无法打开文件“pthread.lib”
ninja: build stopped: subcommand failed.



